2025-08-31 14:34:22
CMD: C:\Users\pc\AppData\Local\Programs\Python\Python313\python.exe C:\xampp\htdocs\raltt\staffadmin_access\processes/generate_otherproduct_description.py --name "Sample" --price "123" --spec "PVC Doors"
INPUT: {"name":"Sample","price":"123","spec":"PVC Doors"}

2025-08-31 14:34:25
CMD: C:\Users\pc\AppData\Local\Programs\Python\Python313\python.exe C:\xampp\htdocs\raltt\staffadmin_access\processes/generate_otherproduct_description.py --name "Sample" --price "123" --spec "PVC Doors"
INPUT: {"name":"Sample","price":"123","spec":"PVC Doors"}

2025-08-31 14:34:26
CMD: C:\Users\pc\AppData\Local\Programs\Python\Python313\python.exe C:\xampp\htdocs\raltt\staffadmin_access\processes/generate_otherproduct_description.py --name "Sample" --price "123" --spec "PVC Doors"
INPUT: {"name":"Sample","price":"123","spec":"PVC Doors"}

2025-08-31 14:34:26
CMD: C:\Users\pc\AppData\Local\Programs\Python\Python313\python.exe C:\xampp\htdocs\raltt\staffadmin_access\processes/generate_otherproduct_description.py --name "Sample" --price "123" --spec "PVC Doors"
INPUT: {"name":"Sample","price":"123","spec":"PVC Doors"}

2025-08-31 14:34:28
CMD: C:\Users\pc\AppData\Local\Programs\Python\Python313\python.exe C:\xampp\htdocs\raltt\staffadmin_access\processes/generate_otherproduct_description.py --name "Sample" --price "123" --spec "PVC Doors"
INPUT: {"name":"Sample","price":"123","spec":"PVC Doors"}

2025-08-31 14:37:22
CMD: C:\Users\pc\AppData\Local\Programs\Python\Python313\python.exe C:\xampp\htdocs\raltt\staffadmin_access\processes/generate_otherproduct_description.py --name "Sample" --price "123" --spec "Sinks"
INPUT: {"name":"Sample","price":"123","spec":"Sinks"}

2025-08-31 14:37:24
CMD: C:\Users\pc\AppData\Local\Programs\Python\Python313\python.exe C:\xampp\htdocs\raltt\staffadmin_access\processes/generate_otherproduct_description.py --name "Sample" --price "123" --spec "Sinks"
INPUT: {"name":"Sample","price":"123","spec":"Sinks"}

2025-08-31 14:37:25
CMD: C:\Users\pc\AppData\Local\Programs\Python\Python313\python.exe C:\xampp\htdocs\raltt\staffadmin_access\processes/generate_otherproduct_description.py --name "Sample" --price "123" --spec "Sinks"
INPUT: {"name":"Sample","price":"123","spec":"Sinks"}

2025-08-31 14:40:08
CMD: C:\Users\pc\AppData\Local\Programs\Python\Python313\python.exe C:\xampp\htdocs\raltt\staffadmin_access\processes/generate_otherproduct_description.py --name "Sample" --price "123" --spec "Sinks"
INPUT: {"name":"Sample","price":"123","spec":"Sinks"}

2025-08-31 14:40:09
CMD: C:\Users\pc\AppData\Local\Programs\Python\Python313\python.exe C:\xampp\htdocs\raltt\staffadmin_access\processes/generate_otherproduct_description.py --name "Sample" --price "123" --spec "Sinks"
INPUT: {"name":"Sample","price":"123","spec":"Sinks"}

2025-08-31 14:44:23
CMD: C:\Users\pc\AppData\Local\Programs\Python\Python313\python.exe C:\xampp\htdocs\raltt\staffadmin_access\processes/generate_otherproduct_description.py --name "Sample" --price "123" --spec "Sinks"
INPUT: {"name":"Sample","price":"123","spec":"Sinks"}

2025-08-31 14:44:24
CMD: C:\Users\pc\AppData\Local\Programs\Python\Python313\python.exe C:\xampp\htdocs\raltt\staffadmin_access\processes/generate_otherproduct_description.py --name "Sample" --price "123" --spec "Sinks"
INPUT: {"name":"Sample","price":"123","spec":"Sinks"}

2025-08-31 14:44:26
CMD: C:\Users\pc\AppData\Local\Programs\Python\Python313\python.exe C:\xampp\htdocs\raltt\staffadmin_access\processes/generate_otherproduct_description.py --name "Sample" --price "123" --spec "Sinks"
INPUT: {"name":"Sample","price":"123","spec":"Sinks"}

2025-08-31 14:44:27
CMD: C:\Users\pc\AppData\Local\Programs\Python\Python313\python.exe C:\xampp\htdocs\raltt\staffadmin_access\processes/generate_otherproduct_description.py --name "Sample" --price "123" --spec "Sinks"
INPUT: {"name":"Sample","price":"123","spec":"Sinks"}

2025-08-31 14:48:17
CMD: C:\Users\pc\AppData\Local\Programs\Python\Python313\python.exe C:\xampp\htdocs\raltt\staffadmin_access\processes/generate_otherproduct_description.py --name "Sample" --price "123" --spec "Sinks"
INPUT: {"name":"Sample","price":"123","spec":"Sinks"}

2025-08-31 14:49:06
CMD: C:\Users\pc\AppData\Local\Programs\Python\Python313\python.exe C:\xampp\htdocs\raltt\staffadmin_access\processes/generate_otherproduct_description.py --name "123" --price "123" --spec "PVC Doors"
INPUT: {"name":"123","price":"123","spec":"PVC Doors"}

2025-08-31 14:49:08
CMD: C:\Users\pc\AppData\Local\Programs\Python\Python313\python.exe C:\xampp\htdocs\raltt\staffadmin_access\processes/generate_otherproduct_description.py --name "123" --price "123" --spec "PVC Doors"
INPUT: {"name":"123","price":"123","spec":"PVC Doors"}

2025-08-31 14:49:09
CMD: C:\Users\pc\AppData\Local\Programs\Python\Python313\python.exe C:\xampp\htdocs\raltt\staffadmin_access\processes/generate_otherproduct_description.py --name "123" --price "123" --spec "PVC Doors"
INPUT: {"name":"123","price":"123","spec":"PVC Doors"}

2025-08-31 14:49:09
CMD: C:\Users\pc\AppData\Local\Programs\Python\Python313\python.exe C:\xampp\htdocs\raltt\staffadmin_access\processes/generate_otherproduct_description.py --name "123" --price "123" --spec "PVC Doors"
INPUT: {"name":"123","price":"123","spec":"PVC Doors"}

2025-08-31 14:49:10
CMD: C:\Users\pc\AppData\Local\Programs\Python\Python313\python.exe C:\xampp\htdocs\raltt\staffadmin_access\processes/generate_otherproduct_description.py --name "123" --price "123" --spec "PVC Doors"
INPUT: {"name":"123","price":"123","spec":"PVC Doors"}

2025-08-31 14:49:10
CMD: C:\Users\pc\AppData\Local\Programs\Python\Python313\python.exe C:\xampp\htdocs\raltt\staffadmin_access\processes/generate_otherproduct_description.py --name "123" --price "123" --spec "PVC Doors"
INPUT: {"name":"123","price":"123","spec":"PVC Doors"}

2025-08-31 14:49:11
CMD: C:\Users\pc\AppData\Local\Programs\Python\Python313\python.exe C:\xampp\htdocs\raltt\staffadmin_access\processes/generate_otherproduct_description.py --name "123" --price "123" --spec "PVC Doors"
INPUT: {"name":"123","price":"123","spec":"PVC Doors"}

2025-08-31 14:49:12
CMD: C:\Users\pc\AppData\Local\Programs\Python\Python313\python.exe C:\xampp\htdocs\raltt\staffadmin_access\processes/generate_otherproduct_description.py --name "123" --price "123" --spec "PVC Doors"
INPUT: {"name":"123","price":"123","spec":"PVC Doors"}

2025-08-31 14:49:12
CMD: C:\Users\pc\AppData\Local\Programs\Python\Python313\python.exe C:\xampp\htdocs\raltt\staffadmin_access\processes/generate_otherproduct_description.py --name "123" --price "123" --spec "PVC Doors"
INPUT: {"name":"123","price":"123","spec":"PVC Doors"}

2025-08-31 14:49:14
CMD: C:\Users\pc\AppData\Local\Programs\Python\Python313\python.exe C:\xampp\htdocs\raltt\staffadmin_access\processes/generate_otherproduct_description.py --name "123" --price "123" --spec "PVC Doors"
INPUT: {"name":"123","price":"123","spec":"PVC Doors"}

2025-08-31 14:49:16
CMD: C:\Users\pc\AppData\Local\Programs\Python\Python313\python.exe C:\xampp\htdocs\raltt\staffadmin_access\processes/generate_otherproduct_description.py --name "123" --price "123" --spec "PVC Doors"
INPUT: {"name":"123","price":"123","spec":"PVC Doors"}

2025-08-31 14:49:26
CMD: C:\Users\pc\AppData\Local\Programs\Python\Python313\python.exe C:\xampp\htdocs\raltt\staffadmin_access\processes/generate_otherproduct_description.py --name "123" --price "123" --spec "PVC Doors"
INPUT: {"name":"123","price":"123","spec":"PVC Doors"}

2025-08-31 14:51:36
CMD: C:\Users\pc\AppData\Local\Programs\Python\Python313\python.exe C:\xampp\htdocs\raltt\staffadmin_access\processes/generate_otherproduct_description.py --name "Sample" --price "123" --spec "Tile Vinyl"
INPUT: {"name":"Sample","price":"123","spec":"Tile Vinyl"}

2025-08-31 14:51:37
CMD: C:\Users\pc\AppData\Local\Programs\Python\Python313\python.exe C:\xampp\htdocs\raltt\staffadmin_access\processes/generate_otherproduct_description.py --name "Sample" --price "123" --spec "Tile Vinyl"
INPUT: {"name":"Sample","price":"123","spec":"Tile Vinyl"}

2025-08-31 14:51:38
CMD: C:\Users\pc\AppData\Local\Programs\Python\Python313\python.exe C:\xampp\htdocs\raltt\staffadmin_access\processes/generate_otherproduct_description.py --name "Sample" --price "123" --spec "Tile Vinyl"
INPUT: {"name":"Sample","price":"123","spec":"Tile Vinyl"}

2025-08-31 14:51:38
CMD: C:\Users\pc\AppData\Local\Programs\Python\Python313\python.exe C:\xampp\htdocs\raltt\staffadmin_access\processes/generate_otherproduct_description.py --name "Sample" --price "123" --spec "Tile Vinyl"
INPUT: {"name":"Sample","price":"123","spec":"Tile Vinyl"}

2025-08-31 14:51:39
CMD: C:\Users\pc\AppData\Local\Programs\Python\Python313\python.exe C:\xampp\htdocs\raltt\staffadmin_access\processes/generate_otherproduct_description.py --name "Sample" --price "123" --spec "Tile Vinyl"
INPUT: {"name":"Sample","price":"123","spec":"Tile Vinyl"}

2025-08-31 15:00:09
CMD: C:\Users\pc\AppData\Local\Programs\Python\Python313\python.exe C:\xampp\htdocs\raltt\staffadmin_access\processes/generate_otherproduct_description.py --name "Sample" --price "123" --spec "Sinks"
INPUT: {"name":"Sample","price":"123","spec":"Sinks"}

2025-08-31 15:00:10
CMD: C:\Users\pc\AppData\Local\Programs\Python\Python313\python.exe C:\xampp\htdocs\raltt\staffadmin_access\processes/generate_otherproduct_description.py --name "Sample" --price "123" --spec "Sinks"
INPUT: {"name":"Sample","price":"123","spec":"Sinks"}

2025-08-31 15:00:11
CMD: C:\Users\pc\AppData\Local\Programs\Python\Python313\python.exe C:\xampp\htdocs\raltt\staffadmin_access\processes/generate_otherproduct_description.py --name "Sample" --price "123" --spec "Sinks"
INPUT: {"name":"Sample","price":"123","spec":"Sinks"}

2025-08-31 15:00:12
CMD: C:\Users\pc\AppData\Local\Programs\Python\Python313\python.exe C:\xampp\htdocs\raltt\staffadmin_access\processes/generate_otherproduct_description.py --name "Sample" --price "123" --spec "Sinks"
INPUT: {"name":"Sample","price":"123","spec":"Sinks"}

2025-08-31 15:00:13
CMD: C:\Users\pc\AppData\Local\Programs\Python\Python313\python.exe C:\xampp\htdocs\raltt\staffadmin_access\processes/generate_otherproduct_description.py --name "Sample" --price "123" --spec "Sinks"
INPUT: {"name":"Sample","price":"123","spec":"Sinks"}

2025-08-31 15:00:13
CMD: C:\Users\pc\AppData\Local\Programs\Python\Python313\python.exe C:\xampp\htdocs\raltt\staffadmin_access\processes/generate_otherproduct_description.py --name "Sample" --price "123" --spec "Sinks"
INPUT: {"name":"Sample","price":"123","spec":"Sinks"}

2025-08-31 15:00:13
CMD: C:\Users\pc\AppData\Local\Programs\Python\Python313\python.exe C:\xampp\htdocs\raltt\staffadmin_access\processes/generate_otherproduct_description.py --name "Sample" --price "123" --spec "Sinks"
INPUT: {"name":"Sample","price":"123","spec":"Sinks"}

2025-08-31 15:00:14
CMD: C:\Users\pc\AppData\Local\Programs\Python\Python313\python.exe C:\xampp\htdocs\raltt\staffadmin_access\processes/generate_otherproduct_description.py --name "Sample" --price "123" --spec "Sinks"
INPUT: {"name":"Sample","price":"123","spec":"Sinks"}

2025-08-31 15:00:14
CMD: C:\Users\pc\AppData\Local\Programs\Python\Python313\python.exe C:\xampp\htdocs\raltt\staffadmin_access\processes/generate_otherproduct_description.py --name "Sample" --price "123" --spec "Sinks"
INPUT: {"name":"Sample","price":"123","spec":"Sinks"}

2025-08-31 15:01:12
CMD: C:\Users\pc\AppData\Local\Programs\Python\Python313\python.exe C:\xampp\htdocs\raltt\staffadmin_access\processes/generate_otherproduct_description.py --name "Sample" --price "123" --spec "Sinks"
INPUT: {"name":"Sample","price":"123","spec":"Sinks"}

2025-08-31 15:01:12
CMD: C:\Users\pc\AppData\Local\Programs\Python\Python313\python.exe C:\xampp\htdocs\raltt\staffadmin_access\processes/generate_otherproduct_description.py --name "Sample" --price "123" --spec "Sinks"
INPUT: {"name":"Sample","price":"123","spec":"Sinks"}

2025-08-31 15:01:13
CMD: C:\Users\pc\AppData\Local\Programs\Python\Python313\python.exe C:\xampp\htdocs\raltt\staffadmin_access\processes/generate_otherproduct_description.py --name "Sample" --price "123" --spec "Sinks"
INPUT: {"name":"Sample","price":"123","spec":"Sinks"}

2025-08-31 15:01:13
CMD: C:\Users\pc\AppData\Local\Programs\Python\Python313\python.exe C:\xampp\htdocs\raltt\staffadmin_access\processes/generate_otherproduct_description.py --name "Sample" --price "123" --spec "Sinks"
INPUT: {"name":"Sample","price":"123","spec":"Sinks"}

2025-08-31 15:01:14
CMD: C:\Users\pc\AppData\Local\Programs\Python\Python313\python.exe C:\xampp\htdocs\raltt\staffadmin_access\processes/generate_otherproduct_description.py --name "Sample" --price "123" --spec "Sinks"
INPUT: {"name":"Sample","price":"123","spec":"Sinks"}

2025-08-31 16:17:00
CMD: C:\Users\pc\AppData\Local\Programs\Python\Python313\python.exe C:\xampp\htdocs\raltt\staffadmin_access\processes/generate_otherproduct_description.py --name "Sample" --price "123" --spec "PVC Doors"
INPUT: {"name":"Sample","price":"123","spec":"PVC Doors"}

2025-08-31 16:17:01
CMD: C:\Users\pc\AppData\Local\Programs\Python\Python313\python.exe C:\xampp\htdocs\raltt\staffadmin_access\processes/generate_otherproduct_description.py --name "Sample" --price "123" --spec "PVC Doors"
INPUT: {"name":"Sample","price":"123","spec":"PVC Doors"}

2025-08-31 16:25:02
CMD: C:\Users\pc\AppData\Local\Programs\Python\Python313\python.exe C:\xampp\htdocs\raltt\staffadmin_access\processes/generate_otherproduct_description.py --name "123" --price "123" --spec "PVC Doors"
INPUT: {"name":"123","price":"123","spec":"PVC Doors"}

2025-08-31 16:25:03
CMD: C:\Users\pc\AppData\Local\Programs\Python\Python313\python.exe C:\xampp\htdocs\raltt\staffadmin_access\processes/generate_otherproduct_description.py --name "123" --price "123" --spec "PVC Doors"
INPUT: {"name":"123","price":"123","spec":"PVC Doors"}

2025-08-31 16:25:04
CMD: C:\Users\pc\AppData\Local\Programs\Python\Python313\python.exe C:\xampp\htdocs\raltt\staffadmin_access\processes/generate_otherproduct_description.py --name "123" --price "123" --spec "PVC Doors"
INPUT: {"name":"123","price":"123","spec":"PVC Doors"}

2025-08-31 16:25:05
CMD: C:\Users\pc\AppData\Local\Programs\Python\Python313\python.exe C:\xampp\htdocs\raltt\staffadmin_access\processes/generate_otherproduct_description.py --name "123" --price "123" --spec "PVC Doors"
INPUT: {"name":"123","price":"123","spec":"PVC Doors"}

2025-08-31 16:25:05
CMD: C:\Users\pc\AppData\Local\Programs\Python\Python313\python.exe C:\xampp\htdocs\raltt\staffadmin_access\processes/generate_otherproduct_description.py --name "123" --price "123" --spec "PVC Doors"
INPUT: {"name":"123","price":"123","spec":"PVC Doors"}

2025-08-31 16:25:06
CMD: C:\Users\pc\AppData\Local\Programs\Python\Python313\python.exe C:\xampp\htdocs\raltt\staffadmin_access\processes/generate_otherproduct_description.py --name "123" --price "123" --spec "PVC Doors"
INPUT: {"name":"123","price":"123","spec":"PVC Doors"}

2025-08-31 16:25:06
CMD: C:\Users\pc\AppData\Local\Programs\Python\Python313\python.exe C:\xampp\htdocs\raltt\staffadmin_access\processes/generate_otherproduct_description.py --name "123" --price "123" --spec "PVC Doors"
INPUT: {"name":"123","price":"123","spec":"PVC Doors"}

2025-08-31 16:25:06
CMD: C:\Users\pc\AppData\Local\Programs\Python\Python313\python.exe C:\xampp\htdocs\raltt\staffadmin_access\processes/generate_otherproduct_description.py --name "123" --price "123" --spec "PVC Doors"
INPUT: {"name":"123","price":"123","spec":"PVC Doors"}

2025-09-01 02:14:46
CMD: C:\Users\pc\AppData\Local\Programs\Python\Python313\python.exe C:\xampp\htdocs\raltt\staffadmin_access\processes/generate_otherproduct_description.py --name "Sample" --price "123" --spec "PVC Doors"
INPUT: {"name":"Sample","price":"123","spec":"PVC Doors"}

2025-09-01 02:14:48
CMD: C:\Users\pc\AppData\Local\Programs\Python\Python313\python.exe C:\xampp\htdocs\raltt\staffadmin_access\processes/generate_otherproduct_description.py --name "Sample" --price "123" --spec "PVC Doors"
INPUT: {"name":"Sample","price":"123","spec":"PVC Doors"}

2025-09-01 02:23:18
CMD: C:\Users\pc\AppData\Local\Programs\Python\Python313\python.exe C:\xampp\htdocs\raltt\staffadmin_access\processes/generate_otherproduct_description.py --name "123" --price "123" --spec "Sinks"
INPUT: {"name":"123","price":"123","spec":"Sinks"}

2025-09-01 02:23:19
CMD: C:\Users\pc\AppData\Local\Programs\Python\Python313\python.exe C:\xampp\htdocs\raltt\staffadmin_access\processes/generate_otherproduct_description.py --name "123" --price "123" --spec "Sinks"
INPUT: {"name":"123","price":"123","spec":"Sinks"}

2025-09-01 02:23:26
CMD: C:\Users\pc\AppData\Local\Programs\Python\Python313\python.exe C:\xampp\htdocs\raltt\staffadmin_access\processes/generate_otherproduct_description.py --name "123" --price "123" --spec "Sinks"
INPUT: {"name":"123","price":"123","spec":"Sinks"}

2025-09-01 02:23:27
CMD: C:\Users\pc\AppData\Local\Programs\Python\Python313\python.exe C:\xampp\htdocs\raltt\staffadmin_access\processes/generate_otherproduct_description.py --name "123" --price "123" --spec "Sinks"
INPUT: {"name":"123","price":"123","spec":"Sinks"}

2025-09-01 02:23:30
CMD: C:\Users\pc\AppData\Local\Programs\Python\Python313\python.exe C:\xampp\htdocs\raltt\staffadmin_access\processes/generate_otherproduct_description.py --name "123" --price "123" --spec "Sinks"
INPUT: {"name":"123","price":"123","spec":"Sinks"}

2025-09-01 02:23:31
CMD: C:\Users\pc\AppData\Local\Programs\Python\Python313\python.exe C:\xampp\htdocs\raltt\staffadmin_access\processes/generate_otherproduct_description.py --name "123" --price "123" --spec "Sinks"
INPUT: {"name":"123","price":"123","spec":"Sinks"}

2025-09-01 02:23:32
CMD: C:\Users\pc\AppData\Local\Programs\Python\Python313\python.exe C:\xampp\htdocs\raltt\staffadmin_access\processes/generate_otherproduct_description.py --name "123" --price "123" --spec "Sinks"
INPUT: {"name":"123","price":"123","spec":"Sinks"}

2025-09-01 02:23:34
CMD: C:\Users\pc\AppData\Local\Programs\Python\Python313\python.exe C:\xampp\htdocs\raltt\staffadmin_access\processes/generate_otherproduct_description.py --name "123" --price "123" --spec "Sinks"
INPUT: {"name":"123","price":"123","spec":"Sinks"}

2025-09-01 02:23:34
CMD: C:\Users\pc\AppData\Local\Programs\Python\Python313\python.exe C:\xampp\htdocs\raltt\staffadmin_access\processes/generate_otherproduct_description.py --name "123" --price "123" --spec "Sinks"
INPUT: {"name":"123","price":"123","spec":"Sinks"}

2025-09-01 02:29:55
CMD: C:\Users\pc\AppData\Local\Programs\Python\Python313\python.exe C:\xampp\htdocs\raltt\staffadmin_access\processes/generate_otherproduct_description.py --name "123" --price "123" --spec "Tile Vinyl"
INPUT: {"name":"123","price":"123","spec":"Tile Vinyl"}

2025-09-01 02:30:01
CMD: C:\Users\pc\AppData\Local\Programs\Python\Python313\python.exe C:\xampp\htdocs\raltt\staffadmin_access\processes/generate_otherproduct_description.py --name "123" --price "123" --spec "Tile Vinyl"
INPUT: {"name":"123","price":"123","spec":"Tile Vinyl"}

2025-09-01 02:31:19
CMD: C:\Users\pc\AppData\Local\Programs\Python\Python313\python.exe C:\xampp\htdocs\raltt\staffadmin_access\processes/generate_otherproduct_description.py --name "Sample" --price "123" --spec "PVC Doors"
INPUT: {"name":"Sample","price":"123","spec":"PVC Doors"}

2025-09-01 02:31:32
CMD: C:\Users\pc\AppData\Local\Programs\Python\Python313\python.exe C:\xampp\htdocs\raltt\staffadmin_access\processes/generate_otherproduct_description.py --name "Sample" --price "123" --spec "Sinks"
INPUT: {"name":"Sample","price":"123","spec":"Sinks"}

2025-09-01 02:31:45
CMD: C:\Users\pc\AppData\Local\Programs\Python\Python313\python.exe C:\xampp\htdocs\raltt\staffadmin_access\processes/generate_otherproduct_description.py --name "Sample" --price "123" --spec "Sinks"
INPUT: {"name":"Sample","price":"123","spec":"Sinks"}

2025-09-01 02:31:55
CMD: C:\Users\pc\AppData\Local\Programs\Python\Python313\python.exe C:\xampp\htdocs\raltt\staffadmin_access\processes/generate_otherproduct_description.py --name "Sample" --price "123" --spec "Bowls"
INPUT: {"name":"Sample","price":"123","spec":"Bowls"}

2025-09-01 02:35:33
CMD: C:\Users\pc\AppData\Local\Programs\Python\Python313\python.exe C:\xampp\htdocs\raltt\staffadmin_access\processes/generate_otherproduct_description.py --name "Good" --price "123" --spec "Sinks"
INPUT: {"name":"Good","price":"123","spec":"Sinks"}

2025-09-01 02:35:43
CMD: C:\Users\pc\AppData\Local\Programs\Python\Python313\python.exe C:\xampp\htdocs\raltt\staffadmin_access\processes/generate_otherproduct_description.py --name "Good" --price "123" --spec "Tile Vinyl"
INPUT: {"name":"Good","price":"123","spec":"Tile Vinyl"}

2025-09-01 02:35:52
CMD: C:\Users\pc\AppData\Local\Programs\Python\Python313\python.exe C:\xampp\htdocs\raltt\staffadmin_access\processes/generate_otherproduct_description.py --name "Good" --price "123" --spec "Tile Vinyl"
INPUT: {"name":"Good","price":"123","spec":"Tile Vinyl"}

2025-09-01 02:35:56
CMD: C:\Users\pc\AppData\Local\Programs\Python\Python313\python.exe C:\xampp\htdocs\raltt\staffadmin_access\processes/generate_otherproduct_description.py --name "Good" --price "123" --spec "Tile Vinyl"
INPUT: {"name":"Good","price":"123","spec":"Tile Vinyl"}

2025-09-01 02:35:58
CMD: C:\Users\pc\AppData\Local\Programs\Python\Python313\python.exe C:\xampp\htdocs\raltt\staffadmin_access\processes/generate_otherproduct_description.py --name "Good" --price "123" --spec "Tile Vinyl"
INPUT: {"name":"Good","price":"123","spec":"Tile Vinyl"}

2025-09-01 02:35:59
CMD: C:\Users\pc\AppData\Local\Programs\Python\Python313\python.exe C:\xampp\htdocs\raltt\staffadmin_access\processes/generate_otherproduct_description.py --name "Good" --price "123" --spec "Tile Vinyl"
INPUT: {"name":"Good","price":"123","spec":"Tile Vinyl"}

2025-09-01 02:36:00
CMD: C:\Users\pc\AppData\Local\Programs\Python\Python313\python.exe C:\xampp\htdocs\raltt\staffadmin_access\processes/generate_otherproduct_description.py --name "Good" --price "123" --spec "Tile Vinyl"
INPUT: {"name":"Good","price":"123","spec":"Tile Vinyl"}

2025-09-01 02:36:02
CMD: C:\Users\pc\AppData\Local\Programs\Python\Python313\python.exe C:\xampp\htdocs\raltt\staffadmin_access\processes/generate_otherproduct_description.py --name "Good" --price "123" --spec "Tile Vinyl"
INPUT: {"name":"Good","price":"123","spec":"Tile Vinyl"}

2025-09-01 02:36:03
CMD: C:\Users\pc\AppData\Local\Programs\Python\Python313\python.exe C:\xampp\htdocs\raltt\staffadmin_access\processes/generate_otherproduct_description.py --name "Good" --price "123" --spec "Tile Vinyl"
INPUT: {"name":"Good","price":"123","spec":"Tile Vinyl"}

2025-09-01 06:04:31
CMD: C:\Users\pc\AppData\Local\Programs\Python\Python313\python.exe C:\xampp\htdocs\raltt\staffadmin_access\processes/generate_otherproduct_description.py --name "123" --price "123" --spec "Tile Vinyl"
INPUT: {"name":"123","price":"123","spec":"Tile Vinyl"}

2025-09-01 06:04:32
CMD: C:\Users\pc\AppData\Local\Programs\Python\Python313\python.exe C:\xampp\htdocs\raltt\staffadmin_access\processes/generate_otherproduct_description.py --name "123" --price "123" --spec "Tile Vinyl"
INPUT: {"name":"123","price":"123","spec":"Tile Vinyl"}

2025-09-01 06:04:33
CMD: C:\Users\pc\AppData\Local\Programs\Python\Python313\python.exe C:\xampp\htdocs\raltt\staffadmin_access\processes/generate_otherproduct_description.py --name "123" --price "123" --spec "Tile Vinyl"
INPUT: {"name":"123","price":"123","spec":"Tile Vinyl"}

2025-09-01 06:04:34
CMD: C:\Users\pc\AppData\Local\Programs\Python\Python313\python.exe C:\xampp\htdocs\raltt\staffadmin_access\processes/generate_otherproduct_description.py --name "123" --price "123" --spec "Tile Vinyl"
INPUT: {"name":"123","price":"123","spec":"Tile Vinyl"}

2025-09-01 06:04:41
CMD: C:\Users\pc\AppData\Local\Programs\Python\Python313\python.exe C:\xampp\htdocs\raltt\staffadmin_access\processes/generate_otherproduct_description.py --name "123" --price "123" --spec "Tile Vinyl"
INPUT: {"name":"123","price":"123","spec":"Tile Vinyl"}

2025-09-01 06:04:43
CMD: C:\Users\pc\AppData\Local\Programs\Python\Python313\python.exe C:\xampp\htdocs\raltt\staffadmin_access\processes/generate_otherproduct_description.py --name "123" --price "123" --spec "Tile Vinyl"
INPUT: {"name":"123","price":"123","spec":"Tile Vinyl"}

